<?xml version="1.0" encoding="UTF-8"?>
<!-- Generated by org.testng.reporters.JUnitReportReporter -->
<testsuite hostname="LAPTOP-37A7A33Q" failures="0" tests="1" name="DriverFactory.AppTest" time="30.549" errors="0" timestamp="2022-01-31T13:19:34 IST" skipped="0">
  <testcase classname="DriverFactory.AppTest" name="KickStart" time="30.549"/>
  <system-out/>
</testsuite> <!-- DriverFactory.AppTest -->
